[debug] [2019-08-06T09:20:06.807Z] ----------------------------------------------------------------------
[debug] [2019-08-06T09:20:06.811Z] Command:       C:\Program Files\nodejs\node.exe C:\Users\J\AppData\Roaming\npm\node_modules\firebase-tools\lib\bin\firebase.js login --reauth
[debug] [2019-08-06T09:20:06.811Z] CLI Version:   7.2.2
[debug] [2019-08-06T09:20:06.811Z] Platform:      win32
[debug] [2019-08-06T09:20:06.811Z] Node Version:  v10.15.3
[debug] [2019-08-06T09:20:06.813Z] Time:          Tue Aug 06 2019 11:20:06 GMT+0200 (GMT+02:00)
[debug] [2019-08-06T09:20:06.813Z] ----------------------------------------------------------------------
[debug] 
[info] 
[info] Visit this URL on any device to log in:
[info] https://accounts.google.com/o/oauth2/auth?client_id=563584335869-fgrhgmd47bqnekij5i8b5pr03ho849e6.apps.googleusercontent.com&scope=email%20openid%20https%3A%2F%2Fwww.googleapis.com%2Fauth%2Fcloudplatformprojects.readonly%20https%3A%2F%2Fwww.googleapis.com%2Fauth%2Ffirebase%20https%3A%2F%2Fwww.googleapis.com%2Fauth%2Fcloud-platform&response_type=code&state=903145341&redirect_uri=http%3A%2F%2Flocalhost%3A9005
[info] 
[info] Waiting for authentication...
[debug] [2019-08-06T09:20:08.939Z] Error: spawn cmd ENOENT
    at Process.ChildProcess._handle.onexit (internal/child_process.js:240:19)
    at onErrorNT (internal/child_process.js:415:16)
    at process._tickCallback (internal/process/next_tick.js:63:19)
[error] 
[error] Error: An unexpected error has occurred.
[debug] [2019-08-06T09:24:16.435Z] ----------------------------------------------------------------------
[debug] [2019-08-06T09:24:16.438Z] Command:       C:\Program Files\nodejs\node.exe C:\Users\J\AppData\Roaming\npm\node_modules\firebase-tools\lib\bin\firebase.js login
[debug] [2019-08-06T09:24:16.438Z] CLI Version:   7.2.2
[debug] [2019-08-06T09:24:16.438Z] Platform:      win32
[debug] [2019-08-06T09:24:16.438Z] Node Version:  v10.15.3
[debug] [2019-08-06T09:24:16.440Z] Time:          Tue Aug 06 2019 11:24:16 GMT+0200 (GMT+02:00)
[debug] [2019-08-06T09:24:16.440Z] ----------------------------------------------------------------------
[debug] 
[info] 
[info] Visit this URL on any device to log in:
[info] https://accounts.google.com/o/oauth2/auth?client_id=563584335869-fgrhgmd47bqnekij5i8b5pr03ho849e6.apps.googleusercontent.com&scope=email%20openid%20https%3A%2F%2Fwww.googleapis.com%2Fauth%2Fcloudplatformprojects.readonly%20https%3A%2F%2Fwww.googleapis.com%2Fauth%2Ffirebase%20https%3A%2F%2Fwww.googleapis.com%2Fauth%2Fcloud-platform&response_type=code&state=307474138&redirect_uri=http%3A%2F%2Flocalhost%3A9005
[info] 
[info] Waiting for authentication...
[debug] [2019-08-06T09:24:18.229Z] Error: spawn cmd ENOENT
    at Process.ChildProcess._handle.onexit (internal/child_process.js:240:19)
    at onErrorNT (internal/child_process.js:415:16)
    at process._tickCallback (internal/process/next_tick.js:63:19)
[error] 
[error] Error: An unexpected error has occurred.
[debug] [2019-08-06T09:24:33.216Z] ----------------------------------------------------------------------
[debug] [2019-08-06T09:24:33.220Z] Command:       C:\Program Files\nodejs\node.exe C:\Users\J\AppData\Roaming\npm\node_modules\firebase-tools\lib\bin\firebase.js login
[debug] [2019-08-06T09:24:33.221Z] CLI Version:   7.2.2
[debug] [2019-08-06T09:24:33.221Z] Platform:      win32
[debug] [2019-08-06T09:24:33.221Z] Node Version:  v10.15.3
[debug] [2019-08-06T09:24:33.223Z] Time:          Tue Aug 06 2019 11:24:33 GMT+0200 (GMT+02:00)
[debug] [2019-08-06T09:24:33.223Z] ----------------------------------------------------------------------
[debug] 
[info] 
[info] Visit this URL on any device to log in:
[info] https://accounts.google.com/o/oauth2/auth?client_id=563584335869-fgrhgmd47bqnekij5i8b5pr03ho849e6.apps.googleusercontent.com&scope=email%20openid%20https%3A%2F%2Fwww.googleapis.com%2Fauth%2Fcloudplatformprojects.readonly%20https%3A%2F%2Fwww.googleapis.com%2Fauth%2Ffirebase%20https%3A%2F%2Fwww.googleapis.com%2Fauth%2Fcloud-platform&response_type=code&state=72584081&redirect_uri=http%3A%2F%2Flocalhost%3A9005
[info] 
[info] Waiting for authentication...
[debug] [2019-08-06T09:24:34.644Z] Error: spawn cmd ENOENT
    at Process.ChildProcess._handle.onexit (internal/child_process.js:240:19)
    at onErrorNT (internal/child_process.js:415:16)
    at process._tickCallback (internal/process/next_tick.js:63:19)
[error] 
[error] Error: An unexpected error has occurred.
